<?xml version="1.0" encoding="UTF-8"?>
<testsuite xmlns:xsi="http://www.w3.org/2001/XMLSchema-instance" xsi:noNamespaceSchemaLocation="https://maven.apache.org/surefire/maven-surefire-plugin/xsd/surefire-test-report-3.0.xsd" version="3.0" name="coit12200.wis.roles.UserDataValidatorTest" time="0.08" tests="18" errors="0" skipped="0" failures="1">
  <properties>
[...]
</properties>
  <testcase name="checkForFieldsPresentCorrectTest" classname="coit12200.wis.roles.UserDataValidatorTest" time="0.021"/>
  <testcase name="sha1ValidTest" classname="coit12200.wis.roles.UserDataValidatorTest" time="0.016"/>
  <testcase name="checkCurrentDetailsUserNotFoundTest" classname="coit12200.wis.roles.UserDataValidatorTest" time="0.001"/>
  <testcase name="newPasswordValidTest" classname="coit12200.wis.roles.UserDataValidatorTest" time="0.001"/>
  <testcase name="checkCurrentDetailsNoUserProvidedTest" classname="coit12200.wis.roles.UserDataValidatorTest" time="0.001"/>
  <testcase name="newPasswordNullTest" classname="coit12200.wis.roles.UserDataValidatorTest" time="0.001"/>
  <testcase name="checkForFieldsPresentSomeEmptyTest" classname="coit12200.wis.roles.UserDataValidatorTest" time="0.0"/>
  <testcase name="checkForFieldsPresentBothEmptyTest" classname="coit12200.wis.roles.UserDataValidatorTest" time="0.0"/>
  <testcase name="checkCurrentDetailsWrongPasswordTest" classname="coit12200.wis.roles.UserDataValidatorTest" time="0.009">
    <failure message="expected: &lt;Password is incorrect.&gt; but was: &lt;An unexpected error has occurred.&gt;" type="org.opentest4j.AssertionFailedError"><![CDATA[org.opentest4j.AssertionFailedError: expected: <Password is incorrect.> but was: <An unexpected error has occurred.>
	at org.junit.jupiter.api.AssertionFailureBuilder.build(AssertionFailureBuilder.java:151)
	at org.junit.jupiter.api.AssertionFailureBuilder.buildAndThrow(AssertionFailureBuilder.java:132)
	at org.junit.jupiter.api.AssertEquals.failNotEqual(AssertEquals.java:197)
	at org.junit.jupiter.api.AssertEquals.assertEquals(AssertEquals.java:182)
	at org.junit.jupiter.api.AssertEquals.assertEquals(AssertEquals.java:177)
	at org.junit.jupiter.api.Assertions.assertEquals(Assertions.java:1145)
	at coit12200.wis.roles.UserDataValidatorTest.checkCurrentDetailsWrongPasswordTest(UserDataValidatorTest.java:25)
	at java.base/java.lang.reflect.Method.invoke(Method.java:580)
	at java.base/java.util.ArrayList.forEach(ArrayList.java:1596)
	at java.base/java.util.ArrayList.forEach(ArrayList.java:1596)
]]></failure>
  </testcase>
  <testcase name="checkForFieldsPresentOneEmptyTest" classname="coit12200.wis.roles.UserDataValidatorTest" time="0.001"/>
  <testcase name="checkForFieldsPresentWhitespaceOnlyTest" classname="coit12200.wis.roles.UserDataValidatorTest" time="0.001"/>
  <testcase name="checkForFieldsPresentAllEmptyTest" classname="coit12200.wis.roles.UserDataValidatorTest" time="0.001"/>
  <testcase name="checkCurrentDetailNullsUserTest" classname="coit12200.wis.roles.UserDataValidatorTest" time="0.0"/>
  <testcase name="checkForFieldsPresentAllValidTest" classname="coit12200.wis.roles.UserDataValidatorTest" time="0.001"/>
  <testcase name="checkForFieldsPresentNullInputTest" classname="coit12200.wis.roles.UserDataValidatorTest" time="0.001"/>
  <testcase name="newPasswordContainsQuoteTest" classname="coit12200.wis.roles.UserDataValidatorTest" time="0.001"/>
  <testcase name="checkCurrentDetailsValidTest" classname="coit12200.wis.roles.UserDataValidatorTest" time="0.0"/>
  <testcase name="newPasswordMissingUppercaseTest" classname="coit12200.wis.roles.UserDataValidatorTest" time="0.0"/>
</testsuite>