<?xml version="1.0" encoding="UTF-8"?>
<testsuite xmlns:xsi="http://www.w3.org/2001/XMLSchema-instance" xsi:noNamespaceSchemaLocation="https://maven.apache.org/surefire/maven-surefire-plugin/xsd/surefire-test-report-3.0.xsd" version="3.0" name="coit12200.wis.roles.WhiskeyDataManagerTest" time="0.062" tests="14" errors="0" skipped="0" failures="0">
  <properties>
[...]
</properties>
  <testcase name="nextGoldenPathTest" classname="coit12200.wis.roles.WhiskeyDataManagerTest" time="0.018"/>
  <testcase name="findMaltsFromRegionGoldenPathTest" classname="coit12200.wis.roles.WhiskeyDataManagerTest" time="0.001"/>
  <testcase name="findMaltsInAgeRangeGoldenPathTest" classname="coit12200.wis.roles.WhiskeyDataManagerTest" time="0.001"/>
  <testcase name="connectGoldenPathTest" classname="coit12200.wis.roles.WhiskeyDataManagerTest" time="0.0"/>
  <testcase name="previousWithTwoRecordsTest" classname="coit12200.wis.roles.WhiskeyDataManagerTest" time="0.015"/>
  <testcase name="previousWithOneRecordTest" classname="coit12200.wis.roles.WhiskeyDataManagerTest" time="0.001"/>
  <testcase name="nextWithOneRecordTest" classname="coit12200.wis.roles.WhiskeyDataManagerTest" time="0.001"/>
  <testcase name="disconnectGoldenPathTest" classname="coit12200.wis.roles.WhiskeyDataManagerTest" time="0.0"/>
  <testcase name="nextWithTwoRecordsTest" classname="coit12200.wis.roles.WhiskeyDataManagerTest" time="0.0"/>
  <testcase name="findAllMaltsGoldenPathTest" classname="coit12200.wis.roles.WhiskeyDataManagerTest" time="0.0"/>
  <testcase name="setDetailsGoldenPathTest" classname="coit12200.wis.roles.WhiskeyDataManagerTest" time="0.0"/>
  <testcase name="nextWithNoRecordsTest" classname="coit12200.wis.roles.WhiskeyDataManagerTest" time="0.0"/>
  <testcase name="firstGoldenPathTest" classname="coit12200.wis.roles.WhiskeyDataManagerTest" time="0.0"/>
  <testcase name="previousWithZeroRecordsTest" classname="coit12200.wis.roles.WhiskeyDataManagerTest" time="0.0"/>
</testsuite>